<?xml version="1.0" encoding="UTF-8"?>
<testsuite name="io.everon.assignment.repository.SessionsRepositoryImplTest" tests="5" skipped="0" failures="0" errors="0" timestamp="2021-03-22T22:56:53" hostname="Krisshnas-MBP.home" time="0.298">
  <properties/>
  <testcase name="summary()" classname="io.everon.assignment.repository.SessionsRepositoryImplTest" time="0.291"/>
  <testcase name="delete()" classname="io.everon.assignment.repository.SessionsRepositoryImplTest" time="0.002"/>
  <testcase name="findAll()" classname="io.everon.assignment.repository.SessionsRepositoryImplTest" time="0.002"/>
  <testcase name="findById()" classname="io.everon.assignment.repository.SessionsRepositoryImplTest" time="0.001"/>
  <testcase name="save()" classname="io.everon.assignment.repository.SessionsRepositoryImplTest" time="0.001"/>
  <system-out><![CDATA[23:56:51.817 [Test worker] DEBUG org.springframework.test.context.BootstrapUtils - Instantiating CacheAwareContextLoaderDelegate from class [org.springframework.test.context.cache.DefaultCacheAwareContextLoaderDelegate]
23:56:51.828 [Test worker] DEBUG org.springframework.test.context.BootstrapUtils - Instantiating BootstrapContext using constructor [public org.springframework.test.context.support.DefaultBootstrapContext(java.lang.Class,org.springframework.test.context.CacheAwareContextLoaderDelegate)]
23:56:51.844 [Test worker] DEBUG org.springframework.test.context.BootstrapUtils - Instantiating TestContextBootstrapper for test class [io.everon.assignment.repository.SessionsRepositoryImplTest] from class [org.springframework.boot.test.context.SpringBootTestContextBootstrapper]
23:56:51.852 [Test worker] INFO org.springframework.boot.test.context.SpringBootTestContextBootstrapper - Neither @ContextConfiguration nor @ContextHierarchy found for test class [io.everon.assignment.repository.SessionsRepositoryImplTest], using SpringBootContextLoader
23:56:51.856 [Test worker] DEBUG org.springframework.test.context.support.AbstractContextLoader - Did not detect default resource location for test class [io.everon.assignment.repository.SessionsRepositoryImplTest]: class path resource [io/everon/assignment/repository/SessionsRepositoryImplTest-context.xml] does not exist
23:56:51.856 [Test worker] DEBUG org.springframework.test.context.support.AbstractContextLoader - Did not detect default resource location for test class [io.everon.assignment.repository.SessionsRepositoryImplTest]: class path resource [io/everon/assignment/repository/SessionsRepositoryImplTestContext.groovy] does not exist
23:56:51.856 [Test worker] INFO org.springframework.test.context.support.AbstractContextLoader - Could not detect default resource locations for test class [io.everon.assignment.repository.SessionsRepositoryImplTest]: no resource found for suffixes {-context.xml, Context.groovy}.
23:56:51.857 [Test worker] INFO org.springframework.test.context.support.AnnotationConfigContextLoaderUtils - Could not detect default configuration classes for test class [io.everon.assignment.repository.SessionsRepositoryImplTest]: SessionsRepositoryImplTest does not declare any static, non-private, non-final, nested classes annotated with @Configuration.
23:56:51.882 [Test worker] DEBUG org.springframework.test.context.support.ActiveProfilesUtils - Could not find an 'annotation declaring class' for annotation type [org.springframework.test.context.ActiveProfiles] and class [io.everon.assignment.repository.SessionsRepositoryImplTest]
23:56:51.932 [Test worker] DEBUG org.springframework.context.annotation.ClassPathScanningCandidateComponentProvider - Identified candidate component class: file [/Users/krisshnakumarmone/Documents/personal/pet/charging-sessions/assignment/build/classes/java/main/io/everon/assignment/AssignmentApplication.class]
23:56:51.933 [Test worker] INFO org.springframework.boot.test.context.SpringBootTestContextBootstrapper - Found @SpringBootConfiguration io.everon.assignment.AssignmentApplication for test class io.everon.assignment.repository.SessionsRepositoryImplTest
23:56:52.010 [Test worker] DEBUG org.springframework.boot.test.context.SpringBootTestContextBootstrapper - @TestExecutionListeners is not present for class [io.everon.assignment.repository.SessionsRepositoryImplTest]: using defaults.
23:56:52.010 [Test worker] INFO org.springframework.boot.test.context.SpringBootTestContextBootstrapper - Loaded default TestExecutionListener class names from location [META-INF/spring.factories]: [org.springframework.boot.test.autoconfigure.restdocs.RestDocsTestExecutionListener, org.springframework.boot.test.autoconfigure.web.client.MockRestServiceServerResetTestExecutionListener, org.springframework.boot.test.autoconfigure.web.servlet.MockMvcPrintOnlyOnFailureTestExecutionListener, org.springframework.boot.test.autoconfigure.web.servlet.WebDriverTestExecutionListener, org.springframework.boot.test.autoconfigure.webservices.client.MockWebServiceServerTestExecutionListener, org.springframework.boot.test.mock.mockito.MockitoTestExecutionListener, org.springframework.boot.test.mock.mockito.ResetMocksTestExecutionListener, org.springframework.test.context.web.ServletTestExecutionListener, org.springframework.test.context.support.DirtiesContextBeforeModesTestExecutionListener, org.springframework.test.context.event.ApplicationEventsTestExecutionListener, org.springframework.test.context.support.DependencyInjectionTestExecutionListener, org.springframework.test.context.support.DirtiesContextTestExecutionListener, org.springframework.test.context.transaction.TransactionalTestExecutionListener, org.springframework.test.context.jdbc.SqlScriptsTestExecutionListener, org.springframework.test.context.event.EventPublishingTestExecutionListener]
23:56:52.018 [Test worker] DEBUG org.springframework.boot.test.context.SpringBootTestContextBootstrapper - Skipping candidate TestExecutionListener [org.springframework.test.context.transaction.TransactionalTestExecutionListener] due to a missing dependency. Specify custom listener classes or make the default listener classes and their required dependencies available. Offending class: [org/springframework/transaction/TransactionDefinition]
23:56:52.019 [Test worker] DEBUG org.springframework.boot.test.context.SpringBootTestContextBootstrapper - Skipping candidate TestExecutionListener [org.springframework.test.context.jdbc.SqlScriptsTestExecutionListener] due to a missing dependency. Specify custom listener classes or make the default listener classes and their required dependencies available. Offending class: [org/springframework/transaction/interceptor/TransactionAttribute]
23:56:52.019 [Test worker] INFO org.springframework.boot.test.context.SpringBootTestContextBootstrapper - Using TestExecutionListeners: [org.springframework.test.context.web.ServletTestExecutionListener@161af172, org.springframework.test.context.support.DirtiesContextBeforeModesTestExecutionListener@57cd818d, org.springframework.test.context.event.ApplicationEventsTestExecutionListener@632c97dd, org.springframework.boot.test.mock.mockito.MockitoTestExecutionListener@1dbc20de, org.springframework.boot.test.autoconfigure.SpringBootDependencyInjectionTestExecutionListener@5cecc37a, org.springframework.test.context.support.DirtiesContextTestExecutionListener@6716e083, org.springframework.test.context.event.EventPublishingTestExecutionListener@600301c3, org.springframework.boot.test.autoconfigure.restdocs.RestDocsTestExecutionListener@1cc577cd, org.springframework.boot.test.autoconfigure.web.client.MockRestServiceServerResetTestExecutionListener@2608803c, org.springframework.boot.test.autoconfigure.web.servlet.MockMvcPrintOnlyOnFailureTestExecutionListener@76ca7e86, org.springframework.boot.test.autoconfigure.web.servlet.WebDriverTestExecutionListener@e3f6485, org.springframework.boot.test.autoconfigure.webservices.client.MockWebServiceServerTestExecutionListener@39f31190, org.springframework.boot.test.mock.mockito.ResetMocksTestExecutionListener@5b187ff2]
23:56:52.034 [Test worker] DEBUG org.springframework.test.context.support.TestPropertySourceUtils - Adding inlined properties to environment: {spring.jmx.enabled=false, org.springframework.boot.test.context.SpringBootTestContextBootstrapper=true}
2021-03-22 23:56:52.275  INFO 79885 --- [    Test worker] i.e.a.r.SessionsRepositoryImplTest       : Starting SessionsRepositoryImplTest using Java 11.0.9.1 on Krisshnas-MBP.home with PID 79885 (started by krisshnakumarmone in /Users/krisshnakumarmone/Documents/personal/pet/charging-sessions/assignment)
2021-03-22 23:56:52.276  INFO 79885 --- [    Test worker] i.e.a.r.SessionsRepositoryImplTest       : No active profile set, falling back to default profiles: default
2021-03-22 23:56:52.979  INFO 79885 --- [    Test worker] o.s.s.concurrent.ThreadPoolTaskExecutor  : Initializing ExecutorService 'applicationTaskExecutor'
2021-03-22 23:56:53.130  INFO 79885 --- [    Test worker] i.e.a.r.SessionsRepositoryImplTest       : Started SessionsRepositoryImplTest in 1.09 seconds (JVM running for 1.967)
]]></system-out>
  <system-err><![CDATA[]]></system-err>
</testsuite>
