<?xml version="1.0" encoding="UTF-8"?>
<testsuite name="io.everon.assignment.AssignmentApplicationTests" tests="2" skipped="0" failures="0" errors="0" timestamp="2021-03-22T22:56:53" hostname="Krisshnas-MBP.home" time="0.362">
  <properties/>
  <testcase name="Should expose API on http://localhost:8000" classname="io.everon.assignment.AssignmentApplicationTests" time="0.135"/>
  <testcase name="Should implement basic flow" classname="io.everon.assignment.AssignmentApplicationTests" time="0.227"/>
  <system-out><![CDATA[2021-03-22 23:56:53.446  INFO 79885 --- [    Test worker] .b.t.c.SpringBootTestContextBootstrapper : Neither @ContextConfiguration nor @ContextHierarchy found for test class [io.everon.assignment.AssignmentApplicationTests], using SpringBootContextLoader
2021-03-22 23:56:53.446  INFO 79885 --- [    Test worker] o.s.t.c.support.AbstractContextLoader    : Could not detect default resource locations for test class [io.everon.assignment.AssignmentApplicationTests]: no resource found for suffixes {-context.xml, Context.groovy}.
2021-03-22 23:56:53.446  INFO 79885 --- [    Test worker] t.c.s.AnnotationConfigContextLoaderUtils : Could not detect default configuration classes for test class [io.everon.assignment.AssignmentApplicationTests]: AssignmentApplicationTests does not declare any static, non-private, non-final, nested classes annotated with @Configuration.
2021-03-22 23:56:53.448  INFO 79885 --- [    Test worker] .b.t.c.SpringBootTestContextBootstrapper : Found @SpringBootConfiguration io.everon.assignment.AssignmentApplication for test class io.everon.assignment.AssignmentApplicationTests
2021-03-22 23:56:53.449  INFO 79885 --- [    Test worker] .b.t.c.SpringBootTestContextBootstrapper : Loaded default TestExecutionListener class names from location [META-INF/spring.factories]: [org.springframework.boot.test.autoconfigure.restdocs.RestDocsTestExecutionListener, org.springframework.boot.test.autoconfigure.web.client.MockRestServiceServerResetTestExecutionListener, org.springframework.boot.test.autoconfigure.web.servlet.MockMvcPrintOnlyOnFailureTestExecutionListener, org.springframework.boot.test.autoconfigure.web.servlet.WebDriverTestExecutionListener, org.springframework.boot.test.autoconfigure.webservices.client.MockWebServiceServerTestExecutionListener, org.springframework.boot.test.mock.mockito.MockitoTestExecutionListener, org.springframework.boot.test.mock.mockito.ResetMocksTestExecutionListener, org.springframework.test.context.web.ServletTestExecutionListener, org.springframework.test.context.support.DirtiesContextBeforeModesTestExecutionListener, org.springframework.test.context.event.ApplicationEventsTestExecutionListener, org.springframework.test.context.support.DependencyInjectionTestExecutionListener, org.springframework.test.context.support.DirtiesContextTestExecutionListener, org.springframework.test.context.transaction.TransactionalTestExecutionListener, org.springframework.test.context.jdbc.SqlScriptsTestExecutionListener, org.springframework.test.context.event.EventPublishingTestExecutionListener]
2021-03-22 23:56:53.450  INFO 79885 --- [    Test worker] .b.t.c.SpringBootTestContextBootstrapper : Using TestExecutionListeners: [org.springframework.test.context.web.ServletTestExecutionListener@1fcc2223, org.springframework.test.context.support.DirtiesContextBeforeModesTestExecutionListener@5e3bc17b, org.springframework.test.context.event.ApplicationEventsTestExecutionListener@2d37f2f1, org.springframework.boot.test.mock.mockito.MockitoTestExecutionListener@2becb631, org.springframework.boot.test.autoconfigure.SpringBootDependencyInjectionTestExecutionListener@55cf4455, org.springframework.test.context.support.DirtiesContextTestExecutionListener@55ff678e, org.springframework.test.context.event.EventPublishingTestExecutionListener@47cdb7ba, org.springframework.boot.test.autoconfigure.restdocs.RestDocsTestExecutionListener@95ecc4c, org.springframework.boot.test.autoconfigure.web.client.MockRestServiceServerResetTestExecutionListener@269cccde, org.springframework.boot.test.autoconfigure.web.servlet.MockMvcPrintOnlyOnFailureTestExecutionListener@8f11c94, org.springframework.boot.test.autoconfigure.web.servlet.WebDriverTestExecutionListener@222b1a57, org.springframework.boot.test.autoconfigure.webservices.client.MockWebServiceServerTestExecutionListener@5de88ef2, org.springframework.boot.test.mock.mockito.ResetMocksTestExecutionListener@1dd253ad]
2021-03-22 23:56:53.472  INFO 79885 --- [    Test worker] i.e.a.AssignmentApplicationTests         : Starting AssignmentApplicationTests using Java 11.0.9.1 on Krisshnas-MBP.home with PID 79885 (started by krisshnakumarmone in /Users/krisshnakumarmone/Documents/personal/pet/charging-sessions/assignment)
2021-03-22 23:56:53.472  INFO 79885 --- [    Test worker] i.e.a.AssignmentApplicationTests         : No active profile set, falling back to default profiles: default
2021-03-22 23:56:53.645  INFO 79885 --- [    Test worker] o.s.b.w.embedded.tomcat.TomcatWebServer  : Tomcat initialized with port(s): 8000 (http)
2021-03-22 23:56:53.653  INFO 79885 --- [    Test worker] o.apache.catalina.core.StandardService   : Starting service [Tomcat]
2021-03-22 23:56:53.654  INFO 79885 --- [    Test worker] org.apache.catalina.core.StandardEngine  : Starting Servlet engine: [Apache Tomcat/9.0.43]
2021-03-22 23:56:53.703  INFO 79885 --- [    Test worker] o.a.c.c.C.[Tomcat].[localhost].[/]       : Initializing Spring embedded WebApplicationContext
2021-03-22 23:56:53.703  INFO 79885 --- [    Test worker] w.s.c.ServletWebServerApplicationContext : Root WebApplicationContext: initialization completed in 230 ms
2021-03-22 23:56:53.793  INFO 79885 --- [    Test worker] o.s.s.concurrent.ThreadPoolTaskExecutor  : Initializing ExecutorService 'applicationTaskExecutor'
2021-03-22 23:56:53.986  INFO 79885 --- [    Test worker] o.s.b.w.embedded.tomcat.TomcatWebServer  : Tomcat started on port(s): 8000 (http) with context path ''
2021-03-22 23:56:53.989  INFO 79885 --- [    Test worker] i.e.a.AssignmentApplicationTests         : Started AssignmentApplicationTests in 0.538 seconds (JVM running for 2.826)
2021-03-22 23:56:54.066  INFO 79885 --- [nio-8000-exec-1] o.a.c.c.C.[Tomcat].[localhost].[/]       : Initializing Spring DispatcherServlet 'dispatcherServlet'
2021-03-22 23:56:54.066  INFO 79885 --- [nio-8000-exec-1] o.s.web.servlet.DispatcherServlet        : Initializing Servlet 'dispatcherServlet'
2021-03-22 23:56:54.067  INFO 79885 --- [nio-8000-exec-1] o.s.web.servlet.DispatcherServlet        : Completed initialization in 1 ms
]]></system-out>
  <system-err><![CDATA[]]></system-err>
</testsuite>
