<?xml version="1.0" encoding="UTF-8"?>
<testsuite name="io.everon.assignment.controller.ChargingSessionControllerTest" tests="7" skipped="0" failures="0" errors="0" timestamp="2021-03-22T22:56:54" hostname="Krisshnas-MBP.home" time="0.103">
  <properties/>
  <testcase name="stopSessionMultipleAttempts()" classname="io.everon.assignment.controller.ChargingSessionControllerTest" time="0.062"/>
  <testcase name="stopChargingSession()" classname="io.everon.assignment.controller.ChargingSessionControllerTest" time="0.004"/>
  <testcase name="createSessionWithoutStationId()" classname="io.everon.assignment.controller.ChargingSessionControllerTest" time="0.02"/>
  <testcase name="getSummary()" classname="io.everon.assignment.controller.ChargingSessionControllerTest" time="0.005"/>
  <testcase name="createSession()" classname="io.everon.assignment.controller.ChargingSessionControllerTest" time="0.004"/>
  <testcase name="getSummaryWithDifferentTimeInterval()" classname="io.everon.assignment.controller.ChargingSessionControllerTest" time="0.003"/>
  <testcase name="getChargingSessions()" classname="io.everon.assignment.controller.ChargingSessionControllerTest" time="0.004"/>
  <system-out><![CDATA[2021-03-22 23:56:54.358  INFO 79885 --- [    Test worker] .b.t.a.w.s.WebMvcTestContextBootstrapper : Neither @ContextConfiguration nor @ContextHierarchy found for test class [io.everon.assignment.controller.ChargingSessionControllerTest], using SpringBootContextLoader
2021-03-22 23:56:54.358  INFO 79885 --- [    Test worker] o.s.t.c.support.AbstractContextLoader    : Could not detect default resource locations for test class [io.everon.assignment.controller.ChargingSessionControllerTest]: no resource found for suffixes {-context.xml, Context.groovy}.
2021-03-22 23:56:54.358  INFO 79885 --- [    Test worker] t.c.s.AnnotationConfigContextLoaderUtils : Could not detect default configuration classes for test class [io.everon.assignment.controller.ChargingSessionControllerTest]: ChargingSessionControllerTest does not declare any static, non-private, non-final, nested classes annotated with @Configuration.
2021-03-22 23:56:54.368  INFO 79885 --- [    Test worker] .b.t.c.SpringBootTestContextBootstrapper : Found @SpringBootConfiguration io.everon.assignment.AssignmentApplication for test class io.everon.assignment.controller.ChargingSessionControllerTest
2021-03-22 23:56:54.368  INFO 79885 --- [    Test worker] .b.t.a.w.s.WebMvcTestContextBootstrapper : Loaded default TestExecutionListener class names from location [META-INF/spring.factories]: [org.springframework.boot.test.autoconfigure.restdocs.RestDocsTestExecutionListener, org.springframework.boot.test.autoconfigure.web.client.MockRestServiceServerResetTestExecutionListener, org.springframework.boot.test.autoconfigure.web.servlet.MockMvcPrintOnlyOnFailureTestExecutionListener, org.springframework.boot.test.autoconfigure.web.servlet.WebDriverTestExecutionListener, org.springframework.boot.test.autoconfigure.webservices.client.MockWebServiceServerTestExecutionListener, org.springframework.boot.test.mock.mockito.MockitoTestExecutionListener, org.springframework.boot.test.mock.mockito.ResetMocksTestExecutionListener, org.springframework.test.context.web.ServletTestExecutionListener, org.springframework.test.context.support.DirtiesContextBeforeModesTestExecutionListener, org.springframework.test.context.event.ApplicationEventsTestExecutionListener, org.springframework.test.context.support.DependencyInjectionTestExecutionListener, org.springframework.test.context.support.DirtiesContextTestExecutionListener, org.springframework.test.context.transaction.TransactionalTestExecutionListener, org.springframework.test.context.jdbc.SqlScriptsTestExecutionListener, org.springframework.test.context.event.EventPublishingTestExecutionListener]
2021-03-22 23:56:54.369  INFO 79885 --- [    Test worker] .b.t.a.w.s.WebMvcTestContextBootstrapper : Using TestExecutionListeners: [org.springframework.test.context.web.ServletTestExecutionListener@4a9fa59b, org.springframework.test.context.support.DirtiesContextBeforeModesTestExecutionListener@17363b2, org.springframework.test.context.event.ApplicationEventsTestExecutionListener@30704cb4, org.springframework.boot.test.mock.mockito.MockitoTestExecutionListener@3d1e55d8, org.springframework.boot.test.autoconfigure.SpringBootDependencyInjectionTestExecutionListener@a9a9c9d, org.springframework.test.context.support.DirtiesContextTestExecutionListener@106e008f, org.springframework.test.context.event.EventPublishingTestExecutionListener@2249ebda, org.springframework.boot.test.autoconfigure.restdocs.RestDocsTestExecutionListener@6d36dade, org.springframework.boot.test.autoconfigure.web.client.MockRestServiceServerResetTestExecutionListener@3396dd91, org.springframework.boot.test.autoconfigure.web.servlet.MockMvcPrintOnlyOnFailureTestExecutionListener@531cd914, org.springframework.boot.test.autoconfigure.web.servlet.WebDriverTestExecutionListener@3ee6ff96, org.springframework.boot.test.autoconfigure.webservices.client.MockWebServiceServerTestExecutionListener@65dd22be, org.springframework.boot.test.mock.mockito.ResetMocksTestExecutionListener@60a201c1]
2021-03-22 23:56:54.380  INFO 79885 --- [    Test worker] i.e.a.c.ChargingSessionControllerTest    : Starting ChargingSessionControllerTest using Java 11.0.9.1 on Krisshnas-MBP.home with PID 79885 (started by krisshnakumarmone in /Users/krisshnakumarmone/Documents/personal/pet/charging-sessions/assignment)
2021-03-22 23:56:54.380  INFO 79885 --- [    Test worker] i.e.a.c.ChargingSessionControllerTest    : No active profile set, falling back to default profiles: default
2021-03-22 23:56:54.548  INFO 79885 --- [    Test worker] o.s.s.concurrent.ThreadPoolTaskExecutor  : Initializing ExecutorService 'applicationTaskExecutor'
2021-03-22 23:56:54.593  INFO 79885 --- [    Test worker] o.s.b.t.m.w.SpringBootMockServletContext : Initializing Spring TestDispatcherServlet ''
2021-03-22 23:56:54.593  INFO 79885 --- [    Test worker] o.s.t.web.servlet.TestDispatcherServlet  : Initializing Servlet ''
2021-03-22 23:56:54.593  INFO 79885 --- [    Test worker] o.s.t.web.servlet.TestDispatcherServlet  : Completed initialization in 0 ms
2021-03-22 23:56:54.602  INFO 79885 --- [    Test worker] i.e.a.c.ChargingSessionControllerTest    : Started ChargingSessionControllerTest in 0.232 seconds (JVM running for 3.44)
2021-03-22 23:56:54.687 ERROR 79885 --- [    Test worker] i.e.a.exception.MvcExceptionHandler      : Bind exception: ErrorResponseDto(errors=[stationId : must not be empty], timeStamp=2021-03-22T23:56:54.687044, status=400 BAD_REQUEST)
]]></system-out>
  <system-err><![CDATA[]]></system-err>
</testsuite>
